# JRE version: Java(TM) SE Runtime Environment (17.0.1+12) (build 17.0.1+12-LTS-39)
# Java VM: Java HotSpot(TM) 64-Bit Server VM (17.0.1+12-LTS-39, mixed mode, sharing, tiered, compressed oops, compressed class ptrs, g1 gc, windows-amd64)
GC Precious Log:
 CPUs: 2 total, 2 available
 Memory: 3912M
 Large Page Support: Disabled
 NUMA Support: Disabled
 Compressed Oops: Enabled (32-bit)
 Heap Region Size: 1M
 Heap Min Capacity: 8M
 Heap Initial Capacity: 62M
 Heap Max Capacity: 980M
 Pre-touch: Disabled
 Parallel Workers: 2
 Concurrent Workers: 1
 Concurrent Refinement Workers: 2
 Periodic GC: Disabled
Heap:
 garbage-first heap   total 123904K, used 40039K [0x00000000c2c00000, 0x0000000100000000)
  region size 1024K, 16 young (16384K), 1 survivors (1024K)
 Metaspace       used 62299K, committed 62656K, reserved 1105920K
  class space    used 8001K, committed 8192K, reserved 1048576K
GC Heap History (20 events):
Event: 10.946 GC heap before
{Heap before GC invocations=12 (full 0):
 garbage-first heap   total 117760K, used 69246K [0x00000000c2c00000, 0x0000000100000000)
  region size 1024K, 57 young (58368K), 1 survivors (1024K)
 Metaspace       used 35646K, committed 35968K, reserved 1081344K
  class space    used 4661K, committed 4864K, reserved 1048576K
}
Event: 10.957 GC heap after
{Heap after GC invocations=13 (full 0):
 garbage-first heap   total 117760K, used 17249K [0x00000000c2c00000, 0x0000000100000000)
  region size 1024K, 4 young (4096K), 4 survivors (4096K)
 Metaspace       used 35646K, committed 35968K, reserved 1081344K
  class space    used 4661K, committed 4864K, reserved 1048576K
}
Event: 13.188 GC heap before
{Heap before GC invocations=14 (full 0):
 garbage-first heap   total 65536K, used 52065K [0x00000000c2c00000, 0x0000000100000000)
  region size 1024K, 38 young (38912K), 4 survivors (4096K)
 Metaspace       used 43497K, committed 43840K, reserved 1089536K
  class space    used 5723K, committed 5888K, reserved 1048576K
}
Event: 13.198 GC heap after
{Heap after GC invocations=15 (full 0):
 garbage-first heap   total 65536K, used 18883K [0x00000000c2c00000, 0x0000000100000000)
  region size 1024K, 2 young (2048K), 2 survivors (2048K)
 Metaspace       used 43497K, committed 43840K, reserved 1089536K
  class space    used 5723K, committed 5888K, reserved 1048576K
}
Event: 13.241 GC heap before
{Heap before GC invocations=15 (full 0):
 garbage-first heap   total 65536K, used 19907K [0x00000000c2c00000, 0x0000000100000000)
  region size 1024K, 3 young (3072K), 2 survivors (2048K)
 Metaspace       used 43748K, committed 44096K, reserved 1089536K
  class space    used 5747K, committed 5952K, reserved 1048576K
}
Event: 13.247 GC heap after
{Heap after GC invocations=16 (full 0):
 garbage-first heap   total 65536K, used 19241K [0x00000000c2c00000, 0x0000000100000000)
  region size 1024K, 1 young (1024K), 1 survivors (1024K)
 Metaspace       used 43748K, committed 44096K, reserved 1089536K
  class space    used 5747K, committed 5952K, reserved 1048576K
}
Event: 15.069 GC heap before
{Heap before GC invocations=16 (full 0):
 garbage-first heap   total 65536K, used 49961K [0x00000000c2c00000, 0x0000000100000000)
  region size 1024K, 31 young (31744K), 1 survivors (1024K)
 Metaspace       used 50539K, committed 50880K, reserved 1097728K
  class space    used 6734K, committed 6912K, reserved 1048576K
}
Event: 15.083 GC heap after
{Heap after GC invocations=17 (full 0):
 garbage-first heap   total 65536K, used 20648K [0x00000000c2c00000, 0x0000000100000000)
  region size 1024K, 2 young (2048K), 2 survivors (2048K)
 Metaspace       used 50539K, committed 50880K, reserved 1097728K
  class space    used 6734K, committed 6912K, reserved 1048576K
}
Event: 16.047 GC heap before
{Heap before GC invocations=17 (full 0):
 garbage-first heap   total 65536K, used 50344K [0x00000000c2c00000, 0x0000000100000000)
  region size 1024K, 31 young (31744K), 2 survivors (2048K)
 Metaspace       used 52807K, committed 53120K, reserved 1097728K
  class space    used 7072K, committed 7232K, reserved 1048576K
}
Event: 16.055 GC heap after
{Heap after GC invocations=18 (full 0):
 garbage-first heap   total 65536K, used 22225K [0x00000000c2c00000, 0x0000000100000000)
  region size 1024K, 4 young (4096K), 4 survivors (4096K)
 Metaspace       used 52807K, committed 53120K, reserved 1097728K
  class space    used 7072K, committed 7232K, reserved 1048576K
}
Event: 65.331 GC heap before
{Heap before GC invocations=18 (full 0):
 garbage-first heap   total 65536K, used 50897K [0x00000000c2c00000, 0x0000000100000000)
  region size 1024K, 32 young (32768K), 4 survivors (4096K)
 Metaspace       used 57123K, committed 57472K, reserved 1105920K
  class space    used 7636K, committed 7808K, reserved 1048576K
}
Event: 65.436 GC heap after
{Heap after GC invocations=19 (full 0):
 garbage-first heap   total 65536K, used 24705K [0x00000000c2c00000, 0x0000000100000000)
  region size 1024K, 4 young (4096K), 4 survivors (4096K)
 Metaspace       used 57123K, committed 57472K, reserved 1105920K
  class space    used 7636K, committed 7808K, reserved 1048576K
}
Event: 1327.823 GC heap before
{Heap before GC invocations=19 (full 0):
 garbage-first heap   total 65536K, used 34945K [0x00000000c2c00000, 0x0000000100000000)
  region size 1024K, 16 young (16384K), 4 survivors (4096K)
 Metaspace       used 59982K, committed 60288K, reserved 1105920K
  class space    used 7969K, committed 8128K, reserved 1048576K
}
Event: 1327.936 GC heap after
{Heap after GC invocations=20 (full 0):
 garbage-first heap   total 65536K, used 25553K [0x00000000c2c00000, 0x0000000100000000)
  region size 1024K, 1 young (1024K), 1 survivors (1024K)
 Metaspace       used 59982K, committed 60288K, reserved 1105920K
  class space    used 7969K, committed 8128K, reserved 1048576K
}
Event: 2129.363 GC heap before
{Heap before GC invocations=21 (full 0):
 garbage-first heap   total 65536K, used 51153K [0x00000000c2c00000, 0x0000000100000000)
  region size 1024K, 27 young (27648K), 1 survivors (1024K)
 Metaspace       used 61072K, committed 61504K, reserved 1105920K
  class space    used 8000K, committed 8192K, reserved 1048576K
}
Event: 2129.572 GC heap after
{Heap after GC invocations=22 (full 0):
 garbage-first heap   total 65536K, used 26108K [0x00000000c2c00000, 0x0000000100000000)
  region size 1024K, 2 young (2048K), 2 survivors (2048K)
 Metaspace       used 61072K, committed 61504K, reserved 1105920K
  class space    used 8000K, committed 8192K, reserved 1048576K
}
Event: 2130.951 GC heap before
{Heap before GC invocations=22 (full 0):
 garbage-first heap   total 65536K, used 27132K [0x00000000c2c00000, 0x0000000100000000)
  region size 1024K, 3 young (3072K), 2 survivors (2048K)
 Metaspace       used 61103K, committed 61504K, reserved 1105920K
  class space    used 8000K, committed 8192K, reserved 1048576K
}
Event: 2131.025 GC heap after
{Heap after GC invocations=23 (full 0):
 garbage-first heap   total 65536K, used 25873K [0x00000000c2c00000, 0x0000000100000000)
  region size 1024K, 1 young (1024K), 1 survivors (1024K)
 Metaspace       used 61103K, committed 61504K, reserved 1105920K
  class space    used 8000K, committed 8192K, reserved 1048576K
}
Event: 2140.075 GC heap before
{Heap before GC invocations=23 (full 0):
 garbage-first heap   total 65536K, used 52497K [0x00000000c2c00000, 0x0000000100000000)
  region size 1024K, 27 young (27648K), 1 survivors (1024K)
 Metaspace       used 62119K, committed 62528K, reserved 1105920K
  class space    used 8001K, committed 8192K, reserved 1048576K
}
Event: 2140.082 GC heap after
{Heap after GC invocations=24 (full 0):
 garbage-first heap   total 123904K, used 25703K [0x00000000c2c00000, 0x0000000100000000)
  region size 1024K, 1 young (1024K), 1 survivors (1024K)
 Metaspace       used 62119K, committed 62528K, reserved 1105920K
  class space    used 8001K, committed 8192K, reserved 1048576K
}

